<?xml version="1.0" encoding="UTF-8"?>
<!-- Generated by org.testng.reporters.JUnitReportReporter -->
<testsuite hostname="Workstation" name="TestCase1" tests="1" failures="0" timestamp="19 Oct 2019 06:34:51 GMT" time="0.036" errors="0">
  <testcase name="abc" time="0.036" classname="TestCase1"/>
</testsuite> <!-- TestCase1 -->
